2024-11-17T23:16:04.788Z - info: [ui] [AppStore] loading 0 repositories from store
2024-11-17T23:16:04.875Z - info: [ui] [Welcome] no sign in step found. ignoring...
2024-11-17T23:16:04.905Z - info: [ui] Opt in reported.
2024-11-17T23:16:04.946Z - info: [ui] [Welcome] no sign in step found. ignoring...
2024-11-17T23:16:04.949Z - info: [ui] launching: 3.4.8-linux1 (Linux 6.6.61-1-lts)
2024-11-17T23:16:04.950Z - info: [ui] execPath: '/opt/github-desktop/github-desktop'
2024-11-17T23:16:05.292Z - info: [ui] [Welcome] no sign in step found. ignoring...
2024-11-17T23:16:06.658Z - info: [ui] [Welcome] no sign in step found. ignoring...
2024-11-17T23:16:08.548Z - info: [ui] [Welcome] advancing to step: SignInToDotComWithBrowser
2024-11-17T23:16:08.548Z - info: [ui] [SignInStore] initializing OAuth flow
2024-11-17T23:16:08.553Z - info: [main] opening in browser: https://github.com/login/oauth/authorize?client_id=3a723b10ac5575cc5bb9&scope=repo%20user%20workflow&state=ec6fff98-1aa1-4695-93db-06bee344b0b3
2024-11-17T23:16:08.553Z - info: [ui] [SignInStore] account resolved
2024-11-17T23:16:08.553Z - info: [ui] [Welcome] current sign in state not found. ignoring...
2024-11-17T23:16:37.515Z - info: [ui] [Welcome] kind Authentication is the same as Authentication. ignoring...
2024-11-17T23:16:38.282Z - info: [ui] [Welcome] kind Authentication is the same as Authentication. ignoring...
2024-11-17T23:16:43.830Z - info: [ui] [Welcome] kind Authentication is the same as Authentication. ignoring...
2024-11-17T23:16:46.519Z - info: [ui] [Welcome] kind Authentication is the same as Authentication. ignoring...
2024-11-17T23:16:46.582Z - info: [ui] [Welcome] kind Authentication is the same as Authentication. ignoring...
2024-11-17T23:17:05.603Z - info: [main] Received possible protocol arguments: 3
2024-11-17T23:17:05.604Z - info: [main] Processing protocol url
2024-11-17T23:17:05.606Z - info: [ui] [Welcome] kind Authentication is the same as Authentication. ignoring...
2024-11-17T23:17:05.812Z - info: [main] Received possible protocol arguments: 2
2024-11-17T23:17:05.822Z - info: [main] Processing protocol url
2024-11-17T23:17:05.924Z - info: [ui] [Welcome] kind Authentication is the same as Authentication. ignoring...
2024-11-17T23:17:06.191Z - info: [ui] [AppStore] adding account mbapple (Matthew B) to store
2024-11-17T23:17:06.205Z - info: [ui] [Welcome] advancing to step: ConfigureGit
2024-11-17T23:17:06.248Z - info: [ui] [Welcome] no sign in step found. ignoring...
2024-11-17T23:17:06.471Z - info: [ui] [Welcome] no sign in step found. ignoring...
2024-11-17T23:17:06.574Z - info: [ui] [Welcome] no sign in step found. ignoring...
2024-11-17T23:17:07.375Z - info: [ui] [Welcome] no sign in step found. ignoring...
2024-11-17T23:18:35.617Z - info: [ui] [Welcome] no sign in step found. ignoring...
2024-11-17T23:18:35.629Z - info: [ui] [Welcome] no sign in step found. ignoring...
2024-11-17T23:18:35.848Z - info: [ui] Subscribed 'mbapple' to Alive channel
2024-11-17T23:18:35.982Z - info: [ui] [Welcome] no sign in step found. ignoring...
2024-11-17T23:18:37.140Z - info: [ui] [Welcome] no sign in step found. ignoring...
2024-11-17T23:19:32.482Z - info: [ui] credential-helper: found GitHub credential for https://github.com/ in store
2024-11-17T23:19:32.864Z - info: [ui] [AppStore] adding repository at /home/matthew/GitHub/dots to store
2024-11-17T23:19:33.557Z - info: [ui] [BranchPruner] No branches to prune.
